<?xml version="1.0" encoding="UTF-8" ?>
<testsuite tests="23" failures="0" name="api.TestRunner" time="14.328" errors="0" skipped="0">
  <properties>
    <property name="karate.options" value="--tags ~@ignore"/>
    <property name="java.runtime.name" value="OpenJDK Runtime Environment"/>
    <property name="java.vm.version" value="11.0.10+9"/>
    <property name="sun.boot.library.path" value="/usr/local/openjdk-11/lib"/>
    <property name="maven.multiModuleProjectDirectory" value="/usr/src/karate"/>
    <property name="java.vm.vendor" value="Oracle Corporation"/>
    <property name="java.vendor.url" value="https://openjdk.java.net/"/>
    <property name="guice.disable.misplaced.annotation.check" value="true"/>
    <property name="path.separator" value=":"/>
    <property name="java.vm.name" value="OpenJDK 64-Bit Server VM"/>
    <property name="sun.os.patch.level" value="unknown"/>
    <property name="sun.java.launcher" value="SUN_STANDARD"/>
    <property name="java.vm.specification.name" value="Java Virtual Machine Specification"/>
    <property name="user.dir" value="/usr/src/karate"/>
    <property name="java.vm.compressedOopsMode" value="32-bit"/>
    <property name="java.runtime.version" value="11.0.10+9"/>
    <property name="java.awt.graphicsenv" value="sun.awt.X11GraphicsEnvironment"/>
    <property name="os.arch" value="amd64"/>
    <property name="java.io.tmpdir" value="/tmp"/>
    <property name="line.separator" value="
"/>
    <property name="java.vm.specification.vendor" value="Oracle Corporation"/>
    <property name="os.name" value="Linux"/>
    <property name="classworlds.conf" value="/usr/share/maven/bin/m2.conf"/>
    <property name="sun.jnu.encoding" value="UTF-8"/>
    <property name="java.library.path" value="/usr/java/packages/lib:/usr/lib64:/lib64:/lib:/usr/lib"/>
    <property name="maven.conf" value="/usr/share/maven/conf"/>
    <property name="jdk.debug" value="release"/>
    <property name="java.class.version" value="55.0"/>
    <property name="java.specification.name" value="Java Platform API Specification"/>
    <property name="sun.management.compiler" value="HotSpot 64-Bit Tiered Compilers"/>
    <property name="os.version" value="5.0.0-38-generic"/>
    <property name="library.jansi.path" value="/usr/share/maven/lib/jansi-native"/>
    <property name="user.home" value="/root"/>
    <property name="user.timezone" value="Etc/UTC"/>
    <property name="java.awt.printerjob" value="sun.print.PSPrinterJob"/>
    <property name="file.encoding" value="UTF-8"/>
    <property name="java.specification.version" value="11"/>
    <property name="user.name" value="root"/>
    <property name="java.class.path" value="/usr/share/maven/boot/plexus-classworlds-2.6.0.jar"/>
    <property name="java.vm.specification.version" value="11"/>
    <property name="sun.arch.data.model" value="64"/>
    <property name="sun.java.command" value="org.codehaus.plexus.classworlds.launcher.Launcher -f /usr/src/karate test -Dkarate.options=--tags ~@ignore"/>
    <property name="java.home" value="/usr/local/openjdk-11"/>
    <property name="user.language" value="en"/>
    <property name="java.specification.vendor" value="Oracle Corporation"/>
    <property name="awt.toolkit" value="sun.awt.X11.XToolkit"/>
    <property name="java.vm.info" value="mixed mode, sharing"/>
    <property name="java.version" value="11.0.10"/>
    <property name="securerandom.source" value="file:/dev/./urandom"/>
    <property name="java.vendor" value="Oracle Corporation"/>
    <property name="maven.home" value="/usr/share/maven"/>
    <property name="file.separator" value="/"/>
    <property name="java.version.date" value="2021-01-19"/>
    <property name="java.vendor.url.bug" value="https://bugreport.java.com/bugreport/"/>
    <property name="sun.io.unicode.encoding" value="UnicodeLittle"/>
    <property name="sun.cpu.endian" value="little"/>
    <property name="java.vendor.version" value="18.9"/>
    <property name="sun.cpu.isalist" value=""/>
  </properties>
  <testcase classname="[getproduct] As a WebAPI user, when requesting /products/{id}, I should be able to receive the information of the product matching the passed id." name="[1.1:17] Requesting /products/{id} with an invalid product id should return a 400 bad response with the explanation of the error." time="2.303"/>
  <testcase classname="[getproduct] As a WebAPI user, when requesting /products/{id}, I should be able to receive the information of the product matching the passed id." name="[1.2:18] Requesting /products/{id} with an invalid product id should return a 400 bad response with the explanation of the error." time="0.485"/>
  <testcase classname="[getproduct] As a WebAPI user, when requesting /products/{id}, I should be able to receive the information of the product matching the passed id." name="[1.3:19] Requesting /products/{id} with an invalid product id should return a 400 bad response with the explanation of the error." time="0.39"/>
  <testcase classname="[getproduct] As a WebAPI user, when requesting /products/{id}, I should be able to receive the information of the product matching the passed id." name="[1.4:20] Requesting /products/{id} with an invalid product id should return a 400 bad response with the explanation of the error." time="0.428"/>
  <testcase classname="[getproduct] As a WebAPI user, when requesting /products/{id}, I should be able to receive the information of the product matching the passed id." name="[2:22] Requesting /products/{id} with an non existing product id should return a 404 not found." time="0.813"/>
  <testcase classname="[getproduct] As a WebAPI user, when requesting /products/{id}, I should be able to receive the information of the product matching the passed id." name="[3.1:40] Requesting /products/{id} with an existing product id should return a successful response with the product information." time="0.887"/>
  <testcase classname="[getproduct] As a WebAPI user, when requesting /products/{id}, I should be able to receive the information of the product matching the passed id." name="[3.2:41] Requesting /products/{id} with an existing product id should return a successful response with the product information." time="0.779"/>
  <testcase classname="[createproduct] As a WebAPI user, I should be able to create a product making a POST or PUT request to /products" name="[1.1:15] Making a POST or PUT request to /products with valid data should successfully create a product" time="0.946"/>
  <testcase classname="[createproduct] As a WebAPI user, I should be able to create a product making a POST or PUT request to /products" name="[1.2:16] Making a POST or PUT request to /products with valid data should successfully create a product" time="0.787"/>
  <testcase classname="[createproduct] As a WebAPI user, I should be able to create a product making a POST or PUT request to /products" name="[2.1:27] Making a POST or PUT request to /products with an existing id should return a 409 response" time="0.977"/>
  <testcase classname="[createproduct] As a WebAPI user, I should be able to create a product making a POST or PUT request to /products" name="[2.2:28] Making a POST or PUT request to /products with an existing id should return a 409 response" time="0.827"/>
  <testcase classname="[createproduct] As a WebAPI user, I should be able to create a product making a POST or PUT request to /products" name="[3.1:38] Making a POST or PUT request to /products with an invalid name should return a 400 response" time="0.402"/>
  <testcase classname="[createproduct] As a WebAPI user, I should be able to create a product making a POST or PUT request to /products" name="[3.2:39] Making a POST or PUT request to /products with an invalid name should return a 400 response" time="0.41"/>
  <testcase classname="[createproduct] As a WebAPI user, I should be able to create a product making a POST or PUT request to /products" name="[3.3:40] Making a POST or PUT request to /products with an invalid name should return a 400 response" time="0.432"/>
  <testcase classname="[createproduct] As a WebAPI user, I should be able to create a product making a POST or PUT request to /products" name="[4.1:50] Making a POST or PUT request to /products with an invalid id should return a 400 response" time="0.386"/>
  <testcase classname="[createproduct] As a WebAPI user, I should be able to create a product making a POST or PUT request to /products" name="[4.2:51] Making a POST or PUT request to /products with an invalid id should return a 400 response" time="0.415"/>
  <testcase classname="[createproduct] As a WebAPI user, I should be able to create a product making a POST or PUT request to /products" name="[4.3:52] Making a POST or PUT request to /products with an invalid id should return a 400 response" time="0.397"/>
  <testcase classname="[createproduct] As a WebAPI user, I should be able to create a product making a POST or PUT request to /products" name="[4.4:53] Making a POST or PUT request to /products with an invalid id should return a 400 response" time="0.372"/>
  <testcase classname="[createproduct] As a WebAPI user, I should be able to create a product making a POST or PUT request to /products" name="[4.5:54] Making a POST or PUT request to /products with an invalid id should return a 400 response" time="0.376"/>
  <testcase classname="[createproduct] As a WebAPI user, I should be able to create a product making a POST or PUT request to /products" name="[4.6:55] Making a POST or PUT request to /products with an invalid id should return a 400 response" time="0.378"/>
  <testcase classname="[createproduct] As a WebAPI user, I should be able to create a product making a POST or PUT request to /products" name="[4.7:56] Making a POST or PUT request to /products with an invalid id should return a 400 response" time="0.384"/>
  <testcase classname="[createproduct] As a WebAPI user, I should be able to create a product making a POST or PUT request to /products" name="[4.8:57] Making a POST or PUT request to /products with an invalid id should return a 400 response" time="0.376"/>
  <testcase classname="[createproduct] As a WebAPI user, I should be able to create a product making a POST or PUT request to /products" name="[4.9:58] Making a POST or PUT request to /products with an invalid id should return a 400 response" time="0.378"/>
</testsuite>